have_var: checking for timezone in time.h... -------------------- yes

"gcc -o conftest -I../../.ext/include/x86_64-linux -I../.././include -I../.././ext/date    -g -O2 conftest.c  -L. -L../.. -L. -fstack-protector-strong -rdynamic -Wl,-export-dynamic     -Wl,-rpath,/usr/local/lib -L/usr/local/lib -lruby-static -lz -lpthread -lrt -lrt -ldl -lcrypt -lm   -lm   -lc"
checked program was:
/* begin */
1: #include "ruby.h"
2: 
3: int main(int argc, char **argv)
4: {
5:   return !!argv[argc];
6: }
/* end */

"gcc -I../../.ext/include/x86_64-linux -I../.././include -I../.././ext/date    -g -O2   -c conftest.c"
checked program was:
/* begin */
 1: #include "ruby.h"
 2: 
 3: #include <time.h>
 4: 
 5: /*top*/
 6: extern int t(void);
 7: int main(int argc, char **argv)
 8: {
 9:   if (argc > 1000000) {
10:     int (* volatile tp)(void)=(int (*)(void))&t;
11:     printf("%d", (*tp)());
12:   }
13: 
14:   return !!argv[argc];
15: }
16: int t(void) { const volatile void *volatile p; p = &(&timezone)[0]; return !p; }
/* end */

--------------------

have_var: checking for altzone in time.h... -------------------- no

"gcc -I../../.ext/include/x86_64-linux -I../.././include -I../.././ext/date    -g -O2   -c conftest.c"
conftest.c: In function ‘t’:
conftest.c:16:55: error: ‘altzone’ undeclared (first use in this function)
   16 | int t(void) { const volatile void *volatile p; p = &(&altzone)[0]; return !p; }
      |                                                       ^~~~~~~
conftest.c:16:55: note: each undeclared identifier is reported only once for each function it appears in
checked program was:
/* begin */
 1: #include "ruby.h"
 2: 
 3: #include <time.h>
 4: 
 5: /*top*/
 6: extern int t(void);
 7: int main(int argc, char **argv)
 8: {
 9:   if (argc > 1000000) {
10:     int (* volatile tp)(void)=(int (*)(void))&t;
11:     printf("%d", (*tp)());
12:   }
13: 
14:   return !!argv[argc];
15: }
16: int t(void) { const volatile void *volatile p; p = &(&altzone)[0]; return !p; }
/* end */

--------------------

extconf.h is:
/* begin */
1: #ifndef EXTCONF_H
2: #define EXTCONF_H
3: #define HAVE_TIMEZONE 1
4: #endif
/* end */

