have_func: checking for labs() in stdlib.h... -------------------- yes

"gcc -o conftest -I../../.ext/include/x86_64-linux -I../.././include -I../.././ext/bigdecimal    -g -O2 conftest.c  -L. -L../.. -L. -fstack-protector-strong -rdynamic -Wl,-export-dynamic     -Wl,-rpath,/usr/local/lib -L/usr/local/lib -lruby-static -lz -lpthread -lrt -lrt -ldl -lcrypt -lm   -lm   -lc"
checked program was:
/* begin */
1: #include "ruby.h"
2: 
3: int main(int argc, char **argv)
4: {
5:   return !!argv[argc];
6: }
/* end */

"gcc -o conftest -I../../.ext/include/x86_64-linux -I../.././include -I../.././ext/bigdecimal    -g -O2 conftest.c  -L. -L../.. -L. -fstack-protector-strong -rdynamic -Wl,-export-dynamic     -Wl,-rpath,/usr/local/lib -L/usr/local/lib -lruby-static -lz -lpthread -lrt -lrt -ldl -lcrypt -lm   -lm   -lc"
checked program was:
/* begin */
 1: #include "ruby.h"
 2: 
 3: #include <stdlib.h>
 4: 
 5: /*top*/
 6: extern int t(void);
 7: int main(int argc, char **argv)
 8: {
 9:   if (argc > 1000000) {
10:     int (* volatile tp)(void)=(int (*)(void))&t;
11:     printf("%d", (*tp)());
12:   }
13: 
14:   return !!argv[argc];
15: }
16: int t(void) { void ((*volatile p)()); p = (void ((*)()))labs; return !p; }
/* end */

--------------------

have_func: checking for llabs() in stdlib.h... -------------------- yes

"gcc -o conftest -I../../.ext/include/x86_64-linux -I../.././include -I../.././ext/bigdecimal    -g -O2 conftest.c  -L. -L../.. -L. -fstack-protector-strong -rdynamic -Wl,-export-dynamic     -Wl,-rpath,/usr/local/lib -L/usr/local/lib -lruby-static -lz -lpthread -lrt -lrt -ldl -lcrypt -lm   -lm   -lc"
checked program was:
/* begin */
 1: #include "ruby.h"
 2: 
 3: #include <stdlib.h>
 4: 
 5: /*top*/
 6: extern int t(void);
 7: int main(int argc, char **argv)
 8: {
 9:   if (argc > 1000000) {
10:     int (* volatile tp)(void)=(int (*)(void))&t;
11:     printf("%d", (*tp)());
12:   }
13: 
14:   return !!argv[argc];
15: }
16: int t(void) { void ((*volatile p)()); p = (void ((*)()))llabs; return !p; }
/* end */

--------------------

have_func: checking for finite() in math.h... -------------------- yes

"gcc -o conftest -I../../.ext/include/x86_64-linux -I../.././include -I../.././ext/bigdecimal    -g -O2 conftest.c  -L. -L../.. -L. -fstack-protector-strong -rdynamic -Wl,-export-dynamic     -Wl,-rpath,/usr/local/lib -L/usr/local/lib -lruby-static -lz -lpthread -lrt -lrt -ldl -lcrypt -lm   -lm   -lc"
checked program was:
/* begin */
 1: #include "ruby.h"
 2: 
 3: #include <math.h>
 4: 
 5: /*top*/
 6: extern int t(void);
 7: int main(int argc, char **argv)
 8: {
 9:   if (argc > 1000000) {
10:     int (* volatile tp)(void)=(int (*)(void))&t;
11:     printf("%d", (*tp)());
12:   }
13: 
14:   return !!argv[argc];
15: }
16: int t(void) { void ((*volatile p)()); p = (void ((*)()))finite; return !p; }
/* end */

--------------------

have_func: checking for isfinite() in math.h... -------------------- no

"gcc -o conftest -I../../.ext/include/x86_64-linux -I../.././include -I../.././ext/bigdecimal    -g -O2 conftest.c  -L. -L../.. -L. -fstack-protector-strong -rdynamic -Wl,-export-dynamic     -Wl,-rpath,/usr/local/lib -L/usr/local/lib -lruby-static -lz -lpthread -lrt -lrt -ldl -lcrypt -lm   -lm   -lc"
conftest.c: In function ‘t’:
conftest.c:16:57: error: ‘isfinite’ undeclared (first use in this function); did you mean ‘finite’?
   16 | int t(void) { void ((*volatile p)()); p = (void ((*)()))isfinite; return !p; }
      |                                                         ^~~~~~~~
      |                                                         finite
conftest.c:16:57: note: each undeclared identifier is reported only once for each function it appears in
checked program was:
/* begin */
 1: #include "ruby.h"
 2: 
 3: #include <math.h>
 4: 
 5: /*top*/
 6: extern int t(void);
 7: int main(int argc, char **argv)
 8: {
 9:   if (argc > 1000000) {
10:     int (* volatile tp)(void)=(int (*)(void))&t;
11:     printf("%d", (*tp)());
12:   }
13: 
14:   return !!argv[argc];
15: }
16: int t(void) { void ((*volatile p)()); p = (void ((*)()))isfinite; return !p; }
/* end */

"gcc -o conftest -I../../.ext/include/x86_64-linux -I../.././include -I../.././ext/bigdecimal    -g -O2 conftest.c  -L. -L../.. -L. -fstack-protector-strong -rdynamic -Wl,-export-dynamic     -Wl,-rpath,/usr/local/lib -L/usr/local/lib -lruby-static -lz -lpthread -lrt -lrt -ldl -lcrypt -lm   -lm   -lc"
/usr/bin/ld: /tmp/ccu3ph28.o: in function `t':
/home/usuario/Documents/taller2023/duo-main/ruby-2.7.5/ext/bigdecimal/conftest.c:17: undefined reference to `__builtin_isfinite'
collect2: error: ld returned 1 exit status
checked program was:
/* begin */
 1: #include "ruby.h"
 2: 
 3: #include <math.h>
 4: 
 5: /*top*/
 6: extern int t(void);
 7: int main(int argc, char **argv)
 8: {
 9:   if (argc > 1000000) {
10:     int (* volatile tp)(void)=(int (*)(void))&t;
11:     printf("%d", (*tp)());
12:   }
13: 
14:   return !!argv[argc];
15: }
16: extern void isfinite();
17: int t(void) { isfinite(); return 0; }
/* end */

--------------------

have_type: checking for struct RRational in ruby.h... -------------------- no

"gcc -I../../.ext/include/x86_64-linux -I../.././include -I../.././ext/bigdecimal    -g -O2   -c conftest.c"
conftest.c:7:24: error: invalid application of ‘sizeof’ to incomplete type ‘conftest_type’ {aka ‘struct RRational’}
    7 | int conftestval[sizeof(conftest_type)?1:-1];
      |                        ^~~~~~~~~~~~~
checked program was:
/* begin */
1: #include "ruby.h"
2: 
3: #include <ruby.h>
4: 
5: /*top*/
6: typedef struct RRational conftest_type;
7: int conftestval[sizeof(conftest_type)?1:-1];
/* end */

--------------------

have_func: checking for rb_rational_num() in ruby.h... -------------------- yes

"gcc -o conftest -I../../.ext/include/x86_64-linux -I../.././include -I../.././ext/bigdecimal    -g -O2 conftest.c  -L. -L../.. -L. -fstack-protector-strong -rdynamic -Wl,-export-dynamic     -Wl,-rpath,/usr/local/lib -L/usr/local/lib -lruby-static -lz -lpthread -lrt -lrt -ldl -lcrypt -lm   -lm   -lc"
checked program was:
/* begin */
 1: #include "ruby.h"
 2: 
 3: #include <ruby.h>
 4: 
 5: /*top*/
 6: extern int t(void);
 7: int main(int argc, char **argv)
 8: {
 9:   if (argc > 1000000) {
10:     int (* volatile tp)(void)=(int (*)(void))&t;
11:     printf("%d", (*tp)());
12:   }
13: 
14:   return !!argv[argc];
15: }
16: int t(void) { void ((*volatile p)()); p = (void ((*)()))rb_rational_num; return !p; }
/* end */

--------------------

have_func: checking for rb_rational_den() in ruby.h... -------------------- yes

"gcc -o conftest -I../../.ext/include/x86_64-linux -I../.././include -I../.././ext/bigdecimal    -g -O2 conftest.c  -L. -L../.. -L. -fstack-protector-strong -rdynamic -Wl,-export-dynamic     -Wl,-rpath,/usr/local/lib -L/usr/local/lib -lruby-static -lz -lpthread -lrt -lrt -ldl -lcrypt -lm   -lm   -lc"
checked program was:
/* begin */
 1: #include "ruby.h"
 2: 
 3: #include <ruby.h>
 4: 
 5: /*top*/
 6: extern int t(void);
 7: int main(int argc, char **argv)
 8: {
 9:   if (argc > 1000000) {
10:     int (* volatile tp)(void)=(int (*)(void))&t;
11:     printf("%d", (*tp)());
12:   }
13: 
14:   return !!argv[argc];
15: }
16: int t(void) { void ((*volatile p)()); p = (void ((*)()))rb_rational_den; return !p; }
/* end */

--------------------

have_func: checking for rb_array_const_ptr() in ruby.h... -------------------- yes

"gcc -o conftest -I../../.ext/include/x86_64-linux -I../.././include -I../.././ext/bigdecimal    -g -O2 conftest.c  -L. -L../.. -L. -fstack-protector-strong -rdynamic -Wl,-export-dynamic     -Wl,-rpath,/usr/local/lib -L/usr/local/lib -lruby-static -lz -lpthread -lrt -lrt -ldl -lcrypt -lm   -lm   -lc"
checked program was:
/* begin */
 1: #include "ruby.h"
 2: 
 3: #include <ruby.h>
 4: 
 5: /*top*/
 6: extern int t(void);
 7: int main(int argc, char **argv)
 8: {
 9:   if (argc > 1000000) {
10:     int (* volatile tp)(void)=(int (*)(void))&t;
11:     printf("%d", (*tp)());
12:   }
13: 
14:   return !!argv[argc];
15: }
16: int t(void) { void ((*volatile p)()); p = (void ((*)()))rb_array_const_ptr; return !p; }
/* end */

--------------------

have_func: checking for rb_sym2str() in ruby.h... -------------------- yes

"gcc -o conftest -I../../.ext/include/x86_64-linux -I../.././include -I../.././ext/bigdecimal    -g -O2 conftest.c  -L. -L../.. -L. -fstack-protector-strong -rdynamic -Wl,-export-dynamic     -Wl,-rpath,/usr/local/lib -L/usr/local/lib -lruby-static -lz -lpthread -lrt -lrt -ldl -lcrypt -lm   -lm   -lc"
checked program was:
/* begin */
 1: #include "ruby.h"
 2: 
 3: #include <ruby.h>
 4: 
 5: /*top*/
 6: extern int t(void);
 7: int main(int argc, char **argv)
 8: {
 9:   if (argc > 1000000) {
10:     int (* volatile tp)(void)=(int (*)(void))&t;
11:     printf("%d", (*tp)());
12:   }
13: 
14:   return !!argv[argc];
15: }
16: int t(void) { void ((*volatile p)()); p = (void ((*)()))rb_sym2str; return !p; }
/* end */

--------------------

have_func: checking for rb_opts_exception_p() in ruby.h... -------------------- yes

"gcc -o conftest -I../../.ext/include/x86_64-linux -I../.././include -I../.././ext/bigdecimal    -g -O2 conftest.c  -L. -L../.. -L. -fstack-protector-strong -rdynamic -Wl,-export-dynamic     -Wl,-rpath,/usr/local/lib -L/usr/local/lib -lruby-static -lz -lpthread -lrt -lrt -ldl -lcrypt -lm   -lm   -lc"
conftest.c: In function ‘t’:
conftest.c:16:57: error: ‘rb_opts_exception_p’ undeclared (first use in this function); did you mean ‘rb_make_exception’?
   16 | int t(void) { void ((*volatile p)()); p = (void ((*)()))rb_opts_exception_p; return !p; }
      |                                                         ^~~~~~~~~~~~~~~~~~~
      |                                                         rb_make_exception
conftest.c:16:57: note: each undeclared identifier is reported only once for each function it appears in
checked program was:
/* begin */
 1: #include "ruby.h"
 2: 
 3: #include <ruby.h>
 4: 
 5: /*top*/
 6: extern int t(void);
 7: int main(int argc, char **argv)
 8: {
 9:   if (argc > 1000000) {
10:     int (* volatile tp)(void)=(int (*)(void))&t;
11:     printf("%d", (*tp)());
12:   }
13: 
14:   return !!argv[argc];
15: }
16: int t(void) { void ((*volatile p)()); p = (void ((*)()))rb_opts_exception_p; return !p; }
/* end */

"gcc -o conftest -I../../.ext/include/x86_64-linux -I../.././include -I../.././ext/bigdecimal    -g -O2 conftest.c  -L. -L../.. -L. -fstack-protector-strong -rdynamic -Wl,-export-dynamic     -Wl,-rpath,/usr/local/lib -L/usr/local/lib -lruby-static -lz -lpthread -lrt -lrt -ldl -lcrypt -lm   -lm   -lc"
checked program was:
/* begin */
 1: #include "ruby.h"
 2: 
 3: #include <ruby.h>
 4: 
 5: /*top*/
 6: extern int t(void);
 7: int main(int argc, char **argv)
 8: {
 9:   if (argc > 1000000) {
10:     int (* volatile tp)(void)=(int (*)(void))&t;
11:     printf("%d", (*tp)());
12:   }
13: 
14:   return !!argv[argc];
15: }
16: extern void rb_opts_exception_p();
17: int t(void) { rb_opts_exception_p(); return 0; }
/* end */

--------------------

extconf.h is:
/* begin */
 1: #ifndef EXTCONF_H
 2: #define EXTCONF_H
 3: #define RUBY_BIGDECIMAL_VERSION "2.0.0"
 4: #define HAVE_LABS 1
 5: #define HAVE_LLABS 1
 6: #define HAVE_FINITE 1
 7: #define HAVE_RB_RATIONAL_NUM 1
 8: #define HAVE_RB_RATIONAL_DEN 1
 9: #define HAVE_RB_ARRAY_CONST_PTR 1
10: #define HAVE_RB_SYM2STR 1
11: #define HAVE_RB_OPTS_EXCEPTION_P 1
12: #endif
/* end */

